09:03:28.487 [main] DEBUG com.intuit.karate.Suite - [config] classpath:karate-config.js
09:03:28.522 [main] DEBUG com.intuit.karate.Suite - waiting for 8 features to complete
09:03:30.667 [pool-1-thread-3] INFO  com.intuit.karate - karate.env system property was: null 
09:03:30.667 [pool-1-thread-5] INFO  com.intuit.karate - karate.env system property was: null 
09:03:30.667 [pool-1-thread-1] INFO  com.intuit.karate - karate.env system property was: null 
09:03:30.667 [pool-1-thread-4] INFO  com.intuit.karate - karate.env system property was: null 
09:03:30.667 [pool-1-thread-2] INFO  com.intuit.karate - karate.env system property was: null 
09:03:32.155 [pool-1-thread-2] DEBUG com.intuit.karate - request:
1 > GET https://reqres.in/api/users?page=2
1 > Host: reqres.in
1 > Connection: Keep-Alive
1 > User-Agent: Apache-HttpClient/4.5.13 (Java/11.0.11)
1 > Accept-Encoding: gzip,deflate


09:03:32.155 [pool-1-thread-1] DEBUG com.intuit.karate - request:
1 > DELETE https://reqres.in/api/users/2
1 > Host: reqres.in
1 > Connection: Keep-Alive
1 > User-Agent: Apache-HttpClient/4.5.13 (Java/11.0.11)
1 > Accept-Encoding: gzip,deflate


09:03:32.156 [pool-1-thread-4] DEBUG com.intuit.karate - request:
1 > POST https://reqres.in/api/login
1 > Content-Type: application/json; charset=UTF-8
1 > Content-Length: 54
1 > Host: reqres.in
1 > Connection: Keep-Alive
1 > User-Agent: Apache-HttpClient/4.5.13 (Java/11.0.11)
1 > Accept-Encoding: gzip,deflate
{"password":"cityslicka","email":"eve.holt@reqres.in"}

09:03:32.156 [pool-1-thread-5] DEBUG com.intuit.karate - request:
1 > POST https://reqres.in/api/users
1 > Content-Type: application/json; charset=UTF-8
1 > Content-Length: 69
1 > Host: reqres.in
1 > Connection: Keep-Alive
1 > User-Agent: Apache-HttpClient/4.5.13 (Java/11.0.11)
1 > Accept-Encoding: gzip,deflate
[{"name":"santhosh","job":"witmer"},{"name":"Sathya","job":"Witmer"}]

09:03:32.156 [pool-1-thread-3] DEBUG com.intuit.karate - request:
1 > POST https://api.graphql.jobs/
1 > Content-Type: application/json; charset=UTF-8
1 > Content-Length: 53
1 > Host: api.graphql.jobs
1 > Connection: Keep-Alive
1 > User-Agent: Apache-HttpClient/4.5.13 (Java/11.0.11)
1 > Accept-Encoding: gzip,deflate
{"query":"query {\n   jobs {\n      title\n    }\n}"}

09:03:43.452 [pool-1-thread-2] DEBUG com.intuit.karate - response time in milliseconds: 11291
1 < 200
1 < Date: Thu, 20 May 2021 03:33:41 GMT
1 < Content-Type: application/json; charset=utf-8
1 < Transfer-Encoding: chunked
1 < Connection: keep-alive
1 < X-Powered-By: Express
1 < Access-Control-Allow-Origin: *
1 < Etag: W/"406-ut0vzoCuidvyMf8arZpMpJ6ZRDw"
1 < Via: 1.1 vegur
1 < Cache-Control: max-age=14400
1 < CF-Cache-Status: HIT
1 < Age: 2835
1 < cf-request-id: 0a296f1e9b0000de2545879000000001
1 < Expect-CT: max-age=604800, report-uri="https://report-uri.cloudflare.com/cdn-cgi/beacon/expect-ct"
1 < Report-To: {"endpoints":[{"url":"https:\/\/a.nel.cloudflare.com\/report?s=i%2FmiXjhGNoS3QLCyYrT5Dd4fq3DdblMBNnpP77wfqzYHkgqUH72kIQo2BoNFsNDpQHbKWcLHiPEIlSObCU9g9MZSsKJBIpKtNeQ%3D"}],"group":"cf-nel","max_age":604800}
1 < NEL: {"report_to":"cf-nel","max_age":604800}
1 < Vary: Accept-Encoding
1 < Server: cloudflare
1 < CF-RAY: 652281442929de25-BOM
1 < alt-svc: h3-27=":443"; ma=86400, h3-28=":443"; ma=86400, h3-29=":443"; ma=86400
{"per_page":6,"total":12,"data":[{"last_name":"Lawson","id":7,"avatar":"https:\/\/reqres.in\/img\/faces\/7-image.jpg","first_name":"Michael","email":"michael.lawson@reqres.in"},{"last_name":"Ferguson","id":8,"avatar":"https:\/\/reqres.in\/img\/faces\/8-image.jpg","first_name":"Lindsay","email":"lindsay.ferguson@reqres.in"},{"last_name":"Funke","id":9,"avatar":"https:\/\/reqres.in\/img\/faces\/9-image.jpg","first_name":"Tobias","email":"tobias.funke@reqres.in"},{"last_name":"Fields","id":10,"avatar":"https:\/\/reqres.in\/img\/faces\/10-image.jpg","first_name":"Byron","email":"byron.fields@reqres.in"},{"last_name":"Edwards","id":11,"avatar":"https:\/\/reqres.in\/img\/faces\/11-image.jpg","first_name":"George","email":"george.edwards@reqres.in"},{"last_name":"Howell","id":12,"avatar":"https:\/\/reqres.in\/img\/faces\/12-image.jpg","first_name":"Rachel","email":"rachel.howell@reqres.in"}],"page":2,"total_pages":2,"support":{"text":"To keep ReqRes free, contributions towards server costs are appreciated!","url":"https:\/\/reqres.in\/#support-heading"}}
09:03:43.463 [pool-1-thread-2] INFO  com.intuit.karate - [print] {
  "per_page": 6,
  "total": 12,
  "data": [
    {
      "last_name": "Lawson",
      "id": 7,
      "avatar": "https://reqres.in/img/faces/7-image.jpg",
      "first_name": "Michael",
      "email": "michael.lawson@reqres.in"
    },
    {
      "last_name": "Ferguson",
      "id": 8,
      "avatar": "https://reqres.in/img/faces/8-image.jpg",
      "first_name": "Lindsay",
      "email": "lindsay.ferguson@reqres.in"
    },
    {
      "last_name": "Funke",
      "id": 9,
      "avatar": "https://reqres.in/img/faces/9-image.jpg",
      "first_name": "Tobias",
      "email": "tobias.funke@reqres.in"
    },
    {
      "last_name": "Fields",
      "id": 10,
      "avatar": "https://reqres.in/img/faces/10-image.jpg",
      "first_name": "Byron",
      "email": "byron.fields@reqres.in"
    },
    {
      "last_name": "Edwards",
      "id": 11,
      "avatar": "https://reqres.in/img/faces/11-image.jpg",
      "first_name": "George",
      "email": "george.edwards@reqres.in"
    },
    {
      "last_name": "Howell",
      "id": 12,
      "avatar": "https://reqres.in/img/faces/12-image.jpg",
      "first_name": "Rachel",
      "email": "rachel.howell@reqres.in"
    }
  ],
  "page": 2,
  "total_pages": 2,
  "support": {
    "text": "To keep ReqRes free, contributions towards server costs are appreciated!",
    "url": "https://reqres.in/#support-heading"
  }
}
 
09:03:43.483 [pool-1-thread-2] DEBUG com.intuit.karate - request:
2 > GET https://reqres.in/api/users/7
2 > Host: reqres.in
2 > Connection: Keep-Alive
2 > User-Agent: Apache-HttpClient/4.5.13 (Java/11.0.11)
2 > Accept-Encoding: gzip,deflate


09:03:43.793 [pool-1-thread-5] DEBUG com.intuit.karate - response time in milliseconds: 11636
1 < 201
1 < Date: Thu, 20 May 2021 03:33:41 GMT
1 < Content-Type: application/json; charset=utf-8
1 < Content-Length: 69
1 < Connection: keep-alive
1 < X-Powered-By: Express
1 < Access-Control-Allow-Origin: *
1 < Etag: W/"45-uY08kfZg3kTArIn9ZU8Nkwsz/78"
1 < Via: 1.1 vegur
1 < CF-Cache-Status: DYNAMIC
1 < cf-request-id: 0a296f1eae0000de0541272000000001
1 < Expect-CT: max-age=604800, report-uri="https://report-uri.cloudflare.com/cdn-cgi/beacon/expect-ct"
1 < Report-To: {"endpoints":[{"url":"https:\/\/a.nel.cloudflare.com\/report?s=xcZBYEiwnqkhIj8ojjQtau2Jwv30VuGb8TnC%2BEePx9zxw%2FLboO6kNyOZOMJvoIFpEjOTVPuOKEjKCggH5N7olEbh%2F4ZA6iPL0D4%3D"}],"group":"cf-nel","max_age":604800}
1 < NEL: {"report_to":"cf-nel","max_age":604800}
1 < Server: cloudflare
1 < CF-RAY: 6522814449e7de05-BOM
1 < alt-svc: h3-27=":443"; ma=86400, h3-28=":443"; ma=86400, h3-29=":443"; ma=86400
[{"name":"santhosh","job":"witmer"},{"name":"Sathya","job":"Witmer"}]
09:03:43.794 [pool-1-thread-1] DEBUG com.intuit.karate - response time in milliseconds: 11637
1 < 204
1 < Date: Thu, 20 May 2021 03:33:41 GMT
1 < Content-Length: 0
1 < Connection: keep-alive
1 < X-Powered-By: Express
1 < Access-Control-Allow-Origin: *
1 < Etag: W/"2-vyGp6PvFo4RvsFtPoIWeCReyIC8"
1 < Via: 1.1 vegur
1 < CF-Cache-Status: DYNAMIC
1 < cf-request-id: 0a296f1e6d0000de157ca85000000001
1 < Expect-CT: max-age=604800, report-uri="https://report-uri.cloudflare.com/cdn-cgi/beacon/expect-ct"
1 < Report-To: {"endpoints":[{"url":"https:\/\/a.nel.cloudflare.com\/report?s=MRB%2F1EfLnqmhiRpR2vF0QZfetiCD2W%2BoQ3OxWP7MLIIpoeDaFC%2FsOTroy6BNAilQQReVTpOqoCN%2FMZe2ICO7G5uuVJKBVBk2o4c%3D"}],"group":"cf-nel","max_age":604800}
1 < NEL: {"report_to":"cf-nel","max_age":604800}
1 < Server: cloudflare
1 < CF-RAY: 65228143efa6de15-BOM
1 < alt-svc: h3-27=":443"; ma=86400, h3-28=":443"; ma=86400, h3-29=":443"; ma=86400

09:03:43.794 [pool-1-thread-1] INFO  com.intuit.karate - [print]  
09:03:43.797 [pool-1-thread-5] INFO  com.intuit.karate - [print] [
  {
    "name": "santhosh",
    "job": "witmer"
  },
  {
    "name": "Sathya",
    "job": "Witmer"
  }
]
 
09:03:43.805 [pool-1-thread-5] INFO  com.intuit.karate - [print] created id is:  null 
09:03:43.807 [pool-1-thread-1] INFO  com.intuit.karate - karate.env system property was: null 
09:03:43.816 [pool-1-thread-1] DEBUG com.intuit.karate - request:
1 > POST https://reqres.in/api/register
1 > Content-Type: application/json; charset=UTF-8
1 > Content-Length: 50
1 > Host: reqres.in
1 > Connection: Keep-Alive
1 > User-Agent: Apache-HttpClient/4.5.13 (Java/11.0.11)
1 > Accept-Encoding: gzip,deflate
{"password":"pistol","email":"eve.holt@reqres.in"}

09:03:43.816 [pool-1-thread-5] INFO  com.intuit.karate - karate.env system property was: null 
09:03:43.826 [pool-1-thread-5] DEBUG com.intuit.karate - request:
1 > PUT https://reqres.in/api/users/2
1 > Content-Type: application/json; charset=UTF-8
1 > Content-Length: 33
1 > Host: reqres.in
1 > Connection: Keep-Alive
1 > User-Agent: Apache-HttpClient/4.5.13 (Java/11.0.11)
1 > Accept-Encoding: gzip,deflate
{"name":"sandy","job":"resident"}

09:03:43.863 [pool-1-thread-4] DEBUG com.intuit.karate - response time in milliseconds: 11706
1 < 200
1 < Date: Thu, 20 May 2021 03:33:41 GMT
1 < Content-Type: application/json; charset=utf-8
1 < Content-Length: 29
1 < Connection: keep-alive
1 < X-Powered-By: Express
1 < Access-Control-Allow-Origin: *
1 < Etag: W/"1d-lGCrvD6B7Qzk11+2C98+nGhhuec"
1 < Via: 1.1 vegur
1 < CF-Cache-Status: DYNAMIC
1 < cf-request-id: 0a296f1edf0000de7ab70ef000000001
1 < Expect-CT: max-age=604800, report-uri="https://report-uri.cloudflare.com/cdn-cgi/beacon/expect-ct"
1 < Report-To: {"endpoints":[{"url":"https:\/\/a.nel.cloudflare.com\/report?s=G8Myf8C9mjdT9SQFLogkOp7iR3oesIMCetxtyoGhoLD6O%2FZKNa4rlieIMd1WHDUzyUGuJh0rrSrPSYlAqGSxJTPKR2ua3jnucoo%3D"}],"group":"cf-nel","max_age":604800}
1 < NEL: {"report_to":"cf-nel","max_age":604800}
1 < Server: cloudflare
1 < CF-RAY: 652281449adede7a-BOM
1 < alt-svc: h3-27=":443"; ma=86400, h3-28=":443"; ma=86400, h3-29=":443"; ma=86400
{"token":"QpwL5tke4Pnpja7X4"}
09:03:43.867 [pool-1-thread-4] INFO  com.intuit.karate - [print] {
  "token": "QpwL5tke4Pnpja7X4"
}
 
09:03:44.042 [pool-1-thread-3] DEBUG com.intuit.karate - response time in milliseconds: 11884
1 < 200
1 < Date: Thu, 20 May 2021 03:33:42 GMT
1 < Content-Type: application/json
1 < Transfer-Encoding: chunked
1 < Connection: keep-alive
1 < X-Powered-By: Express
1 < Access-Control-Allow-Origin: *
1 < Via: 1.1 vegur
1 < CF-Cache-Status: DYNAMIC
1 < cf-request-id: 0a296f227e0000de1585bbb000000001
1 < Expect-CT: max-age=604800, report-uri="https://report-uri.cloudflare.com/cdn-cgi/beacon/expect-ct"
1 < Report-To: {"endpoints":[{"url":"https:\/\/a.nel.cloudflare.com\/report?s=rgRPykLcFDybhu5%2B9xS5cu%2Bcj85EqfLp1qDXg7ZixaEEhSPFB3a7j9Lz70aFDFeSG143LmwiU087dQoihcpAu2E0UvVkOBcwcH4BiVIYtVae"}],"group":"cf-nel","max_age":604800}
1 < NEL: {"report_to":"cf-nel","max_age":604800}
1 < Server: cloudflare
1 < CF-RAY: 6522814a6855de15-BOM
1 < alt-svc: h3-27=":443"; ma=86400, h3-28=":443"; ma=86400, h3-29=":443"; ma=86400
{"data":{"jobs":[{"title":"Senior Fullstack Engineer - Platform"},{"title":"Full Stack JavaScript Developer"},{"title":"Senior Software Engineer, API Development"},{"title":"Experienced Backend Engineer - Go"},{"title":"Senior Software Engineer - Frontend"},{"title":"Senior Software Engineer - Backend"},{"title":"Full Stack Javascript Developer"},{"title":"Deep Learning Engineer"},{"title":"Full Stack Engineer"},{"title":"React Developer"},{"title":"iOS Engineer"},{"title":"Android Engineer"},{"title":"Senior Frontend Engineer"},{"title":"React Focused Fullstack Developer"},{"title":"Software Developer Intern"},{"title":"React Frontend Developer"},{"title":"Senior Software Engineer, Backend Development"},{"title":"Software Engineer, Backend Development"},{"title":"Software Engineer, Frontend Development"},{"title":"Backend Typescript \/ Javascript Developer"},{"title":"Intermediate Java Developer With GraphQL"},{"title":"Regular Front-end Developer"},{"title":"Senior Front-end Developer"},{"title":"Frontend Developer"},{"title":"(Senior) Backend Node.js Developer (m\/f\/d)"},{"title":"(Senior) Frontend React.js Developer (m\/f\/d)"},{"title":"Senior Fullstack JavaScript Developer (m\/f\/d)"},{"title":"Experienced Javascript\/React developer"},{"title":"API Developer (Rails \/ GraphQL)"},{"title":"iOS Engineer"},{"title":"Engineering Manager"},{"title":"Senior Engineer"},{"title":"Software Engineer"},{"title":"Senior Site Reliability Engineer"},{"title":"Front-End Intern"},{"title":"Experienced Front-end Engineer"},{"title":"Senior Software Developer"},{"title":"Software Developer"},{"title":"Senior Product Engineer"},{"title":"Senior Growth Engineer"},{"title":"Senior iOS Engineer"},{"title":"Backend Engineer"},{"title":"Unicorn Designer Developer"},{"title":"Backend Developer"},{"title":"Software Engineer - GraphQL"},{"title":"Engineering Manager - Consumer API"},{"title":"Backend Engineer (TweetDeck)"},{"title":"Backend Software Engineer"},{"title":"Engineering Manager"},{"title":"Technical Product Manager, GraphQL Platforms"},{"title":"Web Engineer"},{"title":"Platform Engineer"},{"title":"Frontend Engineer"},{"title":"Senior Frontend Engineer"},{"title":"Senior Backend Engineer"},{"title":"Backend Engineer"},{"title":"React Engineer"},{"title":"Lead Frontend Developer (m\/f\/d)"},{"title":"Full-stack Developer"},{"title":"Senior Haskell Engineer"},{"title":"Senior Full Stack Engineer, Project Community"},{"title":"Senior Software Engineer, API"},{"title":"Front End Engineer"},{"title":"Future Senior Software Engineer"},{"title":"Cross-Stack React Engineer"},{"title":"Full-Stack JavaScript Engineer"},{"title":"Full Stack Developer W\/ Elixir Experience"},{"title":"React\/React Native Developer"},{"title":"Python \/ Django Developer"},{"title":"Open Source Engineer"},{"title":"Mobile Engineer"},{"title":"Backend Software Engineer"},{"title":"Apollo Solutions Architect"},{"title":"JavaScript Engineer"},{"title":"Engineering Manager"},{"title":"Developer Support Engineer"},{"title":"Backend Engineer"}]}}
09:03:44.954 [pool-2-thread-1] INFO  com.intuit.karate.Suite - <<pass>> feature 2 of 8 (6 remaining) classpath:examples/users/deleteusers.feature
09:03:53.257 [pool-1-thread-2] DEBUG com.intuit.karate - response time in milliseconds: 9773
2 < 200
2 < Date: Thu, 20 May 2021 03:33:51 GMT
2 < Content-Type: application/json; charset=utf-8
2 < Transfer-Encoding: chunked
2 < Connection: keep-alive
2 < X-Powered-By: Express
2 < Access-Control-Allow-Origin: *
2 < Etag: W/"11c-Esb3aX7LcoAMUKcF3i6bvWwxqls"
2 < Via: 1.1 vegur
2 < Cache-Control: max-age=14400
2 < CF-Cache-Status: HIT
2 < Age: 212
2 < cf-request-id: 0a296f45f30000de4a3b123000000001
2 < Expect-CT: max-age=604800, report-uri="https://report-uri.cloudflare.com/cdn-cgi/beacon/expect-ct"
2 < Report-To: {"endpoints":[{"url":"https:\/\/a.nel.cloudflare.com\/report?s=RUGxxBReNcvG8Pt5QOZgCoG553UTXrGb%2FjgeJRicUv6HVDvK3kOwjmF7OuuHK4J2gJ3zIbCA6Zluun7Mr6OYPVisWRM%2FY6c3Peg%3D"}],"group":"cf-nel","max_age":604800}
2 < NEL: {"report_to":"cf-nel","max_age":604800}
2 < Vary: Accept-Encoding
2 < Server: cloudflare
2 < CF-RAY: 652281831af7de4a-BOM
2 < alt-svc: h3-27=":443"; ma=86400, h3-28=":443"; ma=86400, h3-29=":443"; ma=86400
{"data":{"last_name":"Lawson","id":7,"avatar":"https:\/\/reqres.in\/img\/faces\/7-image.jpg","first_name":"Michael","email":"michael.lawson@reqres.in"},"support":{"text":"To keep ReqRes free, contributions towards server costs are appreciated!","url":"https:\/\/reqres.in\/#support-heading"}}
09:03:53.259 [pool-1-thread-2] INFO  com.intuit.karate - [print] {
  "data": {
    "last_name": "Lawson",
    "id": 7,
    "avatar": "https://reqres.in/img/faces/7-image.jpg",
    "first_name": "Michael",
    "email": "michael.lawson@reqres.in"
  },
  "support": {
    "text": "To keep ReqRes free, contributions towards server costs are appreciated!",
    "url": "https://reqres.in/#support-heading"
  }
}
 
09:03:53.481 [pool-2-thread-1] INFO  com.intuit.karate.Suite - <<pass>> feature 3 of 8 (5 remaining) classpath:examples/users/getuser.feature
09:03:53.568 [pool-2-thread-1] INFO  com.intuit.karate.Suite - <<pass>> feature 4 of 8 (4 remaining) classpath:examples/users/graphql.feature
09:03:53.648 [pool-2-thread-1] INFO  com.intuit.karate.Suite - <<pass>> feature 5 of 8 (3 remaining) classpath:examples/users/login.feature
09:03:53.755 [pool-2-thread-1] INFO  com.intuit.karate.Suite - <<pass>> feature 6 of 8 (2 remaining) classpath:examples/users/postusers.feature
09:03:58.469 [pool-1-thread-5] DEBUG com.intuit.karate - response time in milliseconds: 14642
1 < 200
1 < Date: Thu, 20 May 2021 03:33:56 GMT
1 < Content-Type: application/json; charset=utf-8
1 < Transfer-Encoding: chunked
1 < Connection: keep-alive
1 < X-Powered-By: Express
1 < Access-Control-Allow-Origin: *
1 < Etag: W/"48-nZPY03q1w/s2d0EB/qKhHi2ShlI"
1 < Via: 1.1 vegur
1 < CF-Cache-Status: DYNAMIC
1 < cf-request-id: 0a296f584e0000de72840fd000000001
1 < Expect-CT: max-age=604800, report-uri="https://report-uri.cloudflare.com/cdn-cgi/beacon/expect-ct"
1 < Report-To: {"endpoints":[{"url":"https:\/\/a.nel.cloudflare.com\/report?s=r3Pu0c8HazgSpVFajNZUVZN%2BFyO0tPKyy4LBEacfo3zGpoe8ISSZ%2FcXDtfyjWP3HNniD7HwQ4Pw%2Fvnnb%2BmhELFCDuWdKGTpeils%3D"}],"group":"cf-nel","max_age":604800}
1 < NEL: {"report_to":"cf-nel","max_age":604800}
1 < Vary: Accept-Encoding
1 < Server: cloudflare
1 < CF-RAY: 652281a079ddde72-BOM
1 < alt-svc: h3-27=":443"; ma=86400, h3-28=":443"; ma=86400, h3-29=":443"; ma=86400
{"name":"sandy","job":"resident","updatedAt":"2021-05-20T03:33:56.252Z"}
09:03:58.473 [pool-1-thread-5] INFO  com.intuit.karate - [print] {
  "name": "sandy",
  "job": "resident",
  "updatedAt": "2021-05-20T03:33:56.252Z"
}
 
09:03:59.975 [pool-1-thread-1] DEBUG com.intuit.karate - response time in milliseconds: 16159
1 < 200
1 < Date: Thu, 20 May 2021 03:33:57 GMT
1 < Content-Type: application/json; charset=utf-8
1 < Content-Length: 36
1 < Connection: keep-alive
1 < X-Powered-By: Express
1 < Access-Control-Allow-Origin: *
1 < Etag: W/"24-4iP0za1geN2he+ohu8F0FhCjLks"
1 < Via: 1.1 vegur
1 < CF-Cache-Status: DYNAMIC
1 < cf-request-id: 0a296f5dbb0000de1110a6a000000001
1 < Expect-CT: max-age=604800, report-uri="https://report-uri.cloudflare.com/cdn-cgi/beacon/expect-ct"
1 < Report-To: {"endpoints":[{"url":"https:\/\/a.nel.cloudflare.com\/report?s=oyB52UVGpNlc7C0iPSqWaRjxKX6zzE9HEpRqHE4nmWeBCQgTXnMFgwzEAGzJAo6i7KcRnplql91G2BCS7ZOF5DtwGdroW%2F9zjdU%3D"}],"group":"cf-nel","max_age":604800}
1 < NEL: {"report_to":"cf-nel","max_age":604800}
1 < Server: cloudflare
1 < CF-RAY: 652281a92e47de11-BOM
1 < alt-svc: h3-27=":443"; ma=86400, h3-28=":443"; ma=86400, h3-29=":443"; ma=86400
{"id":4,"token":"QpwL5tke4Pnpja7X4"}
09:03:59.978 [pool-1-thread-1] INFO  com.intuit.karate - [print] {
  "id": 4,
  "token": "QpwL5tke4Pnpja7X4"
}
 
09:04:00.032 [pool-2-thread-1] INFO  com.intuit.karate.Suite - <<pass>> feature 7 of 8 (1 remaining) classpath:examples/users/register.feature
09:04:00.082 [pool-2-thread-1] INFO  com.intuit.karate.Suite - <<pass>> feature 8 of 8 (0 remaining) classpath:examples/users/updateusers.feature
